Using pre-set license
Built from '2020.3/staging' branch; Version is '2020.3.13f1 (71691879b7f5) revision 7432472'; Using compiler version '192528614'; Build Type 'Release'
OS: 'Windows 10 Home; OS build 19043.1110; Version 2009; 64bit' Language: 'en' Physical Memory: 16286 MB
BatchMode: 1, IsHumanControllingUs: 0, StartBugReporterOnCrash: 0, Is64bit: 1, IsPro: 0

 COMMAND LINE ARGUMENTS:
C:\Program Files\Unity\Hub\Editor\2020.3.13f1\Editor\Unity.exe
-adb2
-batchMode
-noUpm
-name
AssetImportWorker0
-projectPath
E:/Unity Repos/Arkanoid
-logFile
Logs/AssetImportWorker0.log
-srvPort
52638
Successfully changed project path to: E:/Unity Repos/Arkanoid
E:/Unity Repos/Arkanoid
Using Asset Import Pipeline V2.
Refreshing native plugins compatible for Editor in 35.39 ms, found 3 plugins.
Preloading 0 native plugins for Editor in 0.00 ms.
Initialize engine version: 2020.3.13f1 (71691879b7f5)
[Subsystems] Discovering subsystems at path C:/Program Files/Unity/Hub/Editor/2020.3.13f1/Editor/Data/Resources/UnitySubsystems
[Subsystems] Discovering subsystems at path E:/Unity Repos/Arkanoid/Assets
GfxDevice: creating device client; threaded=0
Direct3D:
    Version:  Direct3D 11.0 [level 11.1]
    Renderer: Radeon RX 5500 XT (ID=0x7340)
    Vendor:   
    VRAM:     4055 MB
    Driver:   27.20.22021.1002
Initialize mono
Mono path[0] = 'C:/Program Files/Unity/Hub/Editor/2020.3.13f1/Editor/Data/Managed'
Mono path[1] = 'C:/Program Files/Unity/Hub/Editor/2020.3.13f1/Editor/Data/MonoBleedingEdge/lib/mono/unityjit'
Mono config path = 'C:/Program Files/Unity/Hub/Editor/2020.3.13f1/Editor/Data/MonoBleedingEdge/etc'
Using monoOptions --debugger-agent=transport=dt_socket,embedding=1,server=y,suspend=n,address=127.0.0.1:56168
Begin MonoManager ReloadAssembly
Registering precompiled unity dll's ...
Register platform support module: C:/Program Files/Unity/Hub/Editor/2020.3.13f1/Editor/Data/PlaybackEngines/WebGLSupport/UnityEditor.WebGL.Extensions.dll
Register platform support module: C:/Program Files/Unity/Hub/Editor/2020.3.13f1/Editor/Data/PlaybackEngines/WindowsStandaloneSupport/UnityEditor.WindowsStandalone.Extensions.dll
Registered in 0.001984 seconds.
Native extension for WindowsStandalone target not found
Native extension for WebGL target not found
Refreshing native plugins compatible for Editor in 35.46 ms, found 3 plugins.
Preloading 0 native plugins for Editor in 0.00 ms.
Mono: successfully reloaded assembly
- Completed reload, in  0.963 seconds
Platform modules already initialized, skipping
Registering precompiled user dll's ...
Registered in 0.002286 seconds.
Begin MonoManager ReloadAssembly
Native extension for WindowsStandalone target not found
Native extension for WebGL target not found
Refreshing native plugins compatible for Editor in 35.38 ms, found 3 plugins.
Preloading 0 native plugins for Editor in 0.00 ms.
Mono: successfully reloaded assembly
- Completed reload, in  0.929 seconds
Platform modules already initialized, skipping
========================================================================
Worker process is ready to serve import requests
Launched and connected shader compiler UnityShaderCompiler.exe after 0.03 seconds
Refreshing native plugins compatible for Editor in 0.47 ms, found 3 plugins.
Preloading 0 native plugins for Editor in 0.00 ms.
Unloading 2084 Unused Serialized files (Serialized files now loaded: 0)
System memory in use before: 92.9 MB.
System memory in use after: 92.9 MB.

Unloading 33 unused Assets to reduce memory usage. Loaded Objects now: 2517.
Total: 2.251900 ms (FindLiveObjects: 0.204700 ms CreateObjectMapping: 0.049600 ms MarkObjects: 1.856300 ms  DeleteObjects: 0.140100 ms)

AssetImportParameters requested are different than current active one (requested -> active):
  custom:framework-win-MediaFoundation: 216162199b28c13a410421893ffa2e32 -> 
  custom:video-decoder-ogg-theora: a1e56fd34408186e4bbccfd4996cb3dc -> 
  custom:container-muxer-webm: aa71ff27fc2769a1b78a27578f13a17b -> 
  custom:container-demuxer-webm: 4f35f7cbe854078d1ac9338744f61a02 -> 
  custom:container-demuxer-ogg: 62fdf1f143b41e24485cea50d1cbac27 -> 
  custom:video-encoder-webm-vp8: eb34c28f22e8b96e1ab97ce403110664 -> 
  custom:video-decoder-webm-vp8: 9c59270c3fd7afecdb556c50c9e8de78 -> 
  custom:audio-decoder-ogg-vorbis: bf7c407c2cedff20999df2af8eb42d56 -> 
  custom:audio-encoder-webm-vorbis: bf7c407c2cedff20999df2af8eb42d56 -> 
========================================================================
Received Import Request.
  path: Assets
  artifactKey: Guid(00000000000000001000000000000000) Importer(815301076,1909f56bfc062723c751e8b465ee728b)
Start importing Assets using Guid(00000000000000001000000000000000) Importer(815301076,1909f56bfc062723c751e8b465ee728b)  -> (artifact id: '42d402b061de3733987d63b9cc3b64de') in 0.009101 seconds 
  Import took 0.011969 seconds .

========================================================================
Received Import Request.
  Time since last request: 0.435717 seconds.
  path: Assets/Sprites
  artifactKey: Guid(d40836262e24a684fbcbb6e5a50cd0c3) Importer(815301076,1909f56bfc062723c751e8b465ee728b)
Start importing Assets/Sprites using Guid(d40836262e24a684fbcbb6e5a50cd0c3) Importer(815301076,1909f56bfc062723c751e8b465ee728b)  -> (artifact id: '003caa98ba4187c55615b711440e6277') in 0.005637 seconds 
  Import took 0.008825 seconds .

========================================================================
Received Import Request.
  Time since last request: 33.552972 seconds.
  path: Assets/Sprites/hexagon_pattern.png
  artifactKey: Guid(1df593b8a5f39ac43b0ebb105c11fc8a) Importer(815301076,1909f56bfc062723c751e8b465ee728b)
Start importing Assets/Sprites/hexagon_pattern.png using Guid(1df593b8a5f39ac43b0ebb105c11fc8a) Importer(815301076,1909f56bfc062723c751e8b465ee728b)  -> (artifact id: 'fc20b8d6b2829e52df0d5d1962ab7e90') in 0.122016 seconds 
  Import took 0.125094 seconds .

========================================================================
Received Import Request.
  Time since last request: 32.830757 seconds.
  path: Assets/Sprites/hexagon_pattern.png
  artifactKey: Guid(1df593b8a5f39ac43b0ebb105c11fc8a) Importer(815301076,1909f56bfc062723c751e8b465ee728b)
Start importing Assets/Sprites/hexagon_pattern.png using Guid(1df593b8a5f39ac43b0ebb105c11fc8a) Importer(815301076,1909f56bfc062723c751e8b465ee728b)  -> (artifact id: 'b9d26e3a4c824c326e7ab3cd6872f08e') in 0.010632 seconds 
  Import took 0.013773 seconds .

========================================================================
Received Import Request.
  Time since last request: 21.016656 seconds.
  path: Assets/Sprites/hexagon_pattern.png
  artifactKey: Guid(1df593b8a5f39ac43b0ebb105c11fc8a) Importer(815301076,1909f56bfc062723c751e8b465ee728b)
Start importing Assets/Sprites/hexagon_pattern.png using Guid(1df593b8a5f39ac43b0ebb105c11fc8a) Importer(815301076,1909f56bfc062723c751e8b465ee728b)  -> (artifact id: '4252ca2ab75b444d88d8262d86a05530') in 0.011107 seconds 
  Import took 0.014498 seconds .

========================================================================
Received Import Request.
  Time since last request: 444.463132 seconds.
  path: ProjectSettings/TagManager.asset
  artifactKey: Guid(00000000000000003000000000000000) Importer(815301076,1909f56bfc062723c751e8b465ee728b)
Start importing ProjectSettings/TagManager.asset using Guid(00000000000000003000000000000000) Importer(815301076,1909f56bfc062723c751e8b465ee728b)  -> (artifact id: '95df672b4aaba54310d34c83eef51bb8') in 0.008033 seconds 
  Import took 0.011361 seconds .

========================================================================
Received Import Request.
  Time since last request: 0.003095 seconds.
  path: ProjectSettings/TagManager.asset
  artifactKey: Guid(00000000000000003000000000000000) Importer(815301076,1909f56bfc062723c751e8b465ee728b)
Start importing ProjectSettings/TagManager.asset using Guid(00000000000000003000000000000000) Importer(815301076,1909f56bfc062723c751e8b465ee728b)  -> (artifact id: '95df672b4aaba54310d34c83eef51bb8') in 0.001965 seconds 
  Import took 0.004863 seconds .

========================================================================
Received Prepare
Registering precompiled user dll's ...
Registered in 0.002411 seconds.
Begin MonoManager ReloadAssembly
Native extension for WindowsStandalone target not found
Native extension for WebGL target not found
Refreshing native plugins compatible for Editor in 0.51 ms, found 3 plugins.
Preloading 0 native plugins for Editor in 0.00 ms.
Mono: successfully reloaded assembly
- Completed reload, in  0.843 seconds
Platform modules already initialized, skipping
Refreshing native plugins compatible for Editor in 0.47 ms, found 3 plugins.
Preloading 0 native plugins for Editor in 0.00 ms.
Unloading 2079 Unused Serialized files (Serialized files now loaded: 0)
System memory in use before: 95.8 MB.
System memory in use after: 95.8 MB.

Unloading 23 unused Assets to reduce memory usage. Loaded Objects now: 2527.
Total: 1.991600 ms (FindLiveObjects: 0.181500 ms CreateObjectMapping: 0.044900 ms MarkObjects: 1.673000 ms  DeleteObjects: 0.091300 ms)

AssetImportParameters requested are different than current active one (requested -> active):
  custom:framework-win-MediaFoundation: 216162199b28c13a410421893ffa2e32 -> 
  custom:video-decoder-ogg-theora: a1e56fd34408186e4bbccfd4996cb3dc -> 
  custom:container-muxer-webm: aa71ff27fc2769a1b78a27578f13a17b -> 
  custom:container-demuxer-webm: 4f35f7cbe854078d1ac9338744f61a02 -> 
  custom:container-demuxer-ogg: 62fdf1f143b41e24485cea50d1cbac27 -> 
  custom:video-encoder-webm-vp8: eb34c28f22e8b96e1ab97ce403110664 -> 
  custom:video-decoder-webm-vp8: 9c59270c3fd7afecdb556c50c9e8de78 -> 
  custom:audio-decoder-ogg-vorbis: bf7c407c2cedff20999df2af8eb42d56 -> 
  custom:audio-encoder-webm-vorbis: bf7c407c2cedff20999df2af8eb42d56 -> 
========================================================================
Received Import Request.
  Time since last request: 657.644972 seconds.
  path: Assets/Sprites/border_left.png
  artifactKey: Guid(af8e839b4936026409b485d2f55cfc3a) Importer(815301076,1909f56bfc062723c751e8b465ee728b)
Start importing Assets/Sprites/border_left.png using Guid(af8e839b4936026409b485d2f55cfc3a) Importer(815301076,1909f56bfc062723c751e8b465ee728b)  -> (artifact id: '1ff59fd66b6bdd73457a01ce7f13bd83') in 0.039433 seconds 
  Import took 0.042547 seconds .

========================================================================
Received Import Request.
  Time since last request: 62.097937 seconds.
  path: Assets/Sprites/border_top.png
  artifactKey: Guid(a2a80d0fc693000478597ec81088bfe2) Importer(815301076,1909f56bfc062723c751e8b465ee728b)
Start importing Assets/Sprites/border_top.png using Guid(a2a80d0fc693000478597ec81088bfe2) Importer(815301076,1909f56bfc062723c751e8b465ee728b)  -> (artifact id: '7772a2b792b04421d2a2b7fa058cdfa0') in 0.008865 seconds 
  Import took 0.012151 seconds .

========================================================================
Received Import Request.
  Time since last request: 243.837897 seconds.
  path: Assets/Sprites/border_right.png
  artifactKey: Guid(326273d3638d49945a9b32e097324830) Importer(815301076,1909f56bfc062723c751e8b465ee728b)
Start importing Assets/Sprites/border_right.png using Guid(326273d3638d49945a9b32e097324830) Importer(815301076,1909f56bfc062723c751e8b465ee728b)  -> (artifact id: '4f75fa71072d6e5bbc490968a6a252de') in 0.010067 seconds 
  Import took 0.013481 seconds .

========================================================================
Received Import Request.
  Time since last request: 35.931258 seconds.
  path: Assets/Sprites/border_top.png
  artifactKey: Guid(a2a80d0fc693000478597ec81088bfe2) Importer(815301076,1909f56bfc062723c751e8b465ee728b)
Start importing Assets/Sprites/border_top.png using Guid(a2a80d0fc693000478597ec81088bfe2) Importer(815301076,1909f56bfc062723c751e8b465ee728b)  -> (artifact id: '2feb04916ddfd2c86649651f3b71d4a2') in 0.008864 seconds 
  Import took 0.011943 seconds .

========================================================================
Received Import Request.
  Time since last request: 220.705217 seconds.
  path: Assets/Sprites/border_top_extended.png
  artifactKey: Guid(61a14ae86dcafc747b4bd713074059f7) Importer(815301076,1909f56bfc062723c751e8b465ee728b)
Start importing Assets/Sprites/border_top_extended.png using Guid(61a14ae86dcafc747b4bd713074059f7) Importer(815301076,1909f56bfc062723c751e8b465ee728b)  -> (artifact id: '992f9ee27b30e77aacac0887c03e9005') in 0.009977 seconds 
  Import took 0.013417 seconds .

========================================================================
Received Import Request.
  Time since last request: 11.990853 seconds.
  path: Assets/Sprites/border_top_extended.png
  artifactKey: Guid(61a14ae86dcafc747b4bd713074059f7) Importer(815301076,1909f56bfc062723c751e8b465ee728b)
Start importing Assets/Sprites/border_top_extended.png using Guid(61a14ae86dcafc747b4bd713074059f7) Importer(815301076,1909f56bfc062723c751e8b465ee728b)  -> (artifact id: '96bf51f951615d7f812cfa15c131efa1') in 0.008730 seconds 
  Import took 0.012034 seconds .

========================================================================
Received Import Request.
  Time since last request: 218.781375 seconds.
  path: Assets/Sprites/border_extended.png
  artifactKey: Guid(8f29543fa7742704aa24ac86cc3e405c) Importer(815301076,1909f56bfc062723c751e8b465ee728b)
Start importing Assets/Sprites/border_extended.png using Guid(8f29543fa7742704aa24ac86cc3e405c) Importer(815301076,1909f56bfc062723c751e8b465ee728b)  -> (artifact id: 'e41b80532a21e957eb28118aa1397701') in 0.009227 seconds 
  Import took 0.012512 seconds .

========================================================================
Received Import Request.
  Time since last request: 15.116998 seconds.
  path: Assets/Sprites/border_extended.png
  artifactKey: Guid(8f29543fa7742704aa24ac86cc3e405c) Importer(815301076,1909f56bfc062723c751e8b465ee728b)
Start importing Assets/Sprites/border_extended.png using Guid(8f29543fa7742704aa24ac86cc3e405c) Importer(815301076,1909f56bfc062723c751e8b465ee728b)  -> (artifact id: '6cd4220c6fd25ab46ef7cb0909537fe8') in 0.009375 seconds 
  Import took 0.012433 seconds .

========================================================================
Received Import Request.
  Time since last request: 150.947935 seconds.
  path: Assets/Sprites/border_right.png
  artifactKey: Guid(326273d3638d49945a9b32e097324830) Importer(815301076,1909f56bfc062723c751e8b465ee728b)
Start importing Assets/Sprites/border_right.png using Guid(326273d3638d49945a9b32e097324830) Importer(815301076,1909f56bfc062723c751e8b465ee728b)  -> (artifact id: '18f7f6045bc0ee07f2b466e431ebd9b8') in 0.009586 seconds 
  Import took 0.013060 seconds .

========================================================================
Received Import Request.
  Time since last request: 56.099614 seconds.
  path: Assets/Sprites/border_left.png
  artifactKey: Guid(af8e839b4936026409b485d2f55cfc3a) Importer(815301076,1909f56bfc062723c751e8b465ee728b)
Start importing Assets/Sprites/border_left.png using Guid(af8e839b4936026409b485d2f55cfc3a) Importer(815301076,1909f56bfc062723c751e8b465ee728b)  -> (artifact id: 'a4de5609dd3c93e361cbc53e21ccfe60') in 0.009699 seconds 
  Import took 0.012905 seconds .

========================================================================
Received Import Request.
  Time since last request: 103.183283 seconds.
  path: Assets/Sprites/racket.png
  artifactKey: Guid(f710b7a4bb13a3148bfebf0077039ad2) Importer(815301076,1909f56bfc062723c751e8b465ee728b)
Start importing Assets/Sprites/racket.png using Guid(f710b7a4bb13a3148bfebf0077039ad2) Importer(815301076,1909f56bfc062723c751e8b465ee728b)  -> (artifact id: 'fe4552923cc16cd9a2235a0c606ad07d') in 0.009518 seconds 
  Import took 0.012798 seconds .

========================================================================
Received Import Request.
  Time since last request: 249.210307 seconds.
  path: Assets/Scripts
  artifactKey: Guid(eed3127aec3c60642ae46d0d0a0a138e) Importer(815301076,1909f56bfc062723c751e8b465ee728b)
Start importing Assets/Scripts using Guid(eed3127aec3c60642ae46d0d0a0a138e) Importer(815301076,1909f56bfc062723c751e8b465ee728b)  -> (artifact id: 'abe0ad22b9c46b1e71568bb3038f575c') in 0.005475 seconds 
  Import took 0.008881 seconds .

========================================================================
Received Import Request.
  Time since last request: 7.329959 seconds.
  path: Assets/Scripts/PlayerController.cs
  artifactKey: Guid(5ebc97170cfc4684586992c5b47a48c5) Importer(815301076,1909f56bfc062723c751e8b465ee728b)
Start importing Assets/Scripts/PlayerController.cs using Guid(5ebc97170cfc4684586992c5b47a48c5) Importer(815301076,1909f56bfc062723c751e8b465ee728b)  -> (artifact id: '368b6cb8683502d2aba7bef83d970689') in 0.035694 seconds 
  Import took 0.039961 seconds .

========================================================================
Received Prepare
Registering precompiled user dll's ...
Registered in 0.003034 seconds.
Begin MonoManager ReloadAssembly
Native extension for WindowsStandalone target not found
Native extension for WebGL target not found
Refreshing native plugins compatible for Editor in 0.68 ms, found 3 plugins.
Preloading 0 native plugins for Editor in 0.00 ms.
Mono: successfully reloaded assembly
- Completed reload, in  1.242 seconds
Platform modules already initialized, skipping
Refreshing native plugins compatible for Editor in 0.86 ms, found 3 plugins.
Preloading 0 native plugins for Editor in 0.00 ms.
Unloading 2080 Unused Serialized files (Serialized files now loaded: 0)
System memory in use before: 95.9 MB.
System memory in use after: 95.9 MB.

Unloading 21 unused Assets to reduce memory usage. Loaded Objects now: 2539.
Total: 3.965500 ms (FindLiveObjects: 0.493200 ms CreateObjectMapping: 0.075200 ms MarkObjects: 3.249900 ms  DeleteObjects: 0.145100 ms)

AssetImportParameters requested are different than current active one (requested -> active):
  custom:framework-win-MediaFoundation: 216162199b28c13a410421893ffa2e32 -> 
  custom:video-decoder-ogg-theora: a1e56fd34408186e4bbccfd4996cb3dc -> 
  custom:container-muxer-webm: aa71ff27fc2769a1b78a27578f13a17b -> 
  custom:container-demuxer-webm: 4f35f7cbe854078d1ac9338744f61a02 -> 
  custom:container-demuxer-ogg: 62fdf1f143b41e24485cea50d1cbac27 -> 
  custom:video-encoder-webm-vp8: eb34c28f22e8b96e1ab97ce403110664 -> 
  custom:video-decoder-webm-vp8: 9c59270c3fd7afecdb556c50c9e8de78 -> 
  custom:audio-decoder-ogg-vorbis: bf7c407c2cedff20999df2af8eb42d56 -> 
  custom:audio-encoder-webm-vorbis: bf7c407c2cedff20999df2af8eb42d56 -> 
========================================================================
Received Prepare
Registering precompiled user dll's ...
Registered in 0.002303 seconds.
Begin MonoManager ReloadAssembly
Native extension for WindowsStandalone target not found
Native extension for WebGL target not found
Refreshing native plugins compatible for Editor in 0.58 ms, found 3 plugins.
Preloading 0 native plugins for Editor in 0.00 ms.
Mono: successfully reloaded assembly
- Completed reload, in  0.868 seconds
Platform modules already initialized, skipping
Refreshing native plugins compatible for Editor in 0.47 ms, found 3 plugins.
Preloading 0 native plugins for Editor in 0.00 ms.
Unloading 2080 Unused Serialized files (Serialized files now loaded: 0)
System memory in use before: 95.9 MB.
System memory in use after: 95.9 MB.

Unloading 21 unused Assets to reduce memory usage. Loaded Objects now: 2543.
Total: 2.571700 ms (FindLiveObjects: 0.202000 ms CreateObjectMapping: 0.047300 ms MarkObjects: 2.197200 ms  DeleteObjects: 0.124000 ms)

AssetImportParameters requested are different than current active one (requested -> active):
  custom:framework-win-MediaFoundation: 216162199b28c13a410421893ffa2e32 -> 
  custom:video-decoder-ogg-theora: a1e56fd34408186e4bbccfd4996cb3dc -> 
  custom:container-muxer-webm: aa71ff27fc2769a1b78a27578f13a17b -> 
  custom:container-demuxer-webm: 4f35f7cbe854078d1ac9338744f61a02 -> 
  custom:container-demuxer-ogg: 62fdf1f143b41e24485cea50d1cbac27 -> 
  custom:video-encoder-webm-vp8: eb34c28f22e8b96e1ab97ce403110664 -> 
  custom:video-decoder-webm-vp8: 9c59270c3fd7afecdb556c50c9e8de78 -> 
  custom:audio-decoder-ogg-vorbis: bf7c407c2cedff20999df2af8eb42d56 -> 
  custom:audio-encoder-webm-vorbis: bf7c407c2cedff20999df2af8eb42d56 -> 
========================================================================
Received Prepare
Registering precompiled user dll's ...
Registered in 0.002292 seconds.
Begin MonoManager ReloadAssembly
Native extension for WindowsStandalone target not found
Native extension for WebGL target not found
Refreshing native plugins compatible for Editor in 0.49 ms, found 3 plugins.
Preloading 0 native plugins for Editor in 0.00 ms.
Mono: successfully reloaded assembly
- Completed reload, in  0.853 seconds
Platform modules already initialized, skipping
Refreshing native plugins compatible for Editor in 0.49 ms, found 3 plugins.
Preloading 0 native plugins for Editor in 0.00 ms.
Unloading 2080 Unused Serialized files (Serialized files now loaded: 0)
System memory in use before: 96.0 MB.
System memory in use after: 95.9 MB.

Unloading 21 unused Assets to reduce memory usage. Loaded Objects now: 2547.
Total: 2.011600 ms (FindLiveObjects: 0.205200 ms CreateObjectMapping: 0.047000 ms MarkObjects: 1.658500 ms  DeleteObjects: 0.100100 ms)

AssetImportParameters requested are different than current active one (requested -> active):
  custom:framework-win-MediaFoundation: 216162199b28c13a410421893ffa2e32 -> 
  custom:video-decoder-ogg-theora: a1e56fd34408186e4bbccfd4996cb3dc -> 
  custom:container-muxer-webm: aa71ff27fc2769a1b78a27578f13a17b -> 
  custom:container-demuxer-webm: 4f35f7cbe854078d1ac9338744f61a02 -> 
  custom:container-demuxer-ogg: 62fdf1f143b41e24485cea50d1cbac27 -> 
  custom:video-encoder-webm-vp8: eb34c28f22e8b96e1ab97ce403110664 -> 
  custom:video-decoder-webm-vp8: 9c59270c3fd7afecdb556c50c9e8de78 -> 
  custom:audio-decoder-ogg-vorbis: bf7c407c2cedff20999df2af8eb42d56 -> 
  custom:audio-encoder-webm-vorbis: bf7c407c2cedff20999df2af8eb42d56 -> 
========================================================================
Received Prepare
Registering precompiled user dll's ...
Registered in 0.002390 seconds.
Begin MonoManager ReloadAssembly
Native extension for WindowsStandalone target not found
Native extension for WebGL target not found
Refreshing native plugins compatible for Editor in 0.51 ms, found 3 plugins.
Preloading 0 native plugins for Editor in 0.00 ms.
Mono: successfully reloaded assembly
- Completed reload, in  0.853 seconds
Platform modules already initialized, skipping
Refreshing native plugins compatible for Editor in 0.48 ms, found 3 plugins.
Preloading 0 native plugins for Editor in 0.00 ms.
Unloading 2080 Unused Serialized files (Serialized files now loaded: 0)
System memory in use before: 95.9 MB.
System memory in use after: 95.9 MB.

Unloading 21 unused Assets to reduce memory usage. Loaded Objects now: 2551.
Total: 2.048300 ms (FindLiveObjects: 0.205500 ms CreateObjectMapping: 0.048500 ms MarkObjects: 1.694100 ms  DeleteObjects: 0.099200 ms)

AssetImportParameters requested are different than current active one (requested -> active):
  custom:framework-win-MediaFoundation: 216162199b28c13a410421893ffa2e32 -> 
  custom:video-decoder-ogg-theora: a1e56fd34408186e4bbccfd4996cb3dc -> 
  custom:container-muxer-webm: aa71ff27fc2769a1b78a27578f13a17b -> 
  custom:container-demuxer-webm: 4f35f7cbe854078d1ac9338744f61a02 -> 
  custom:container-demuxer-ogg: 62fdf1f143b41e24485cea50d1cbac27 -> 
  custom:video-encoder-webm-vp8: eb34c28f22e8b96e1ab97ce403110664 -> 
  custom:video-decoder-webm-vp8: 9c59270c3fd7afecdb556c50c9e8de78 -> 
  custom:audio-decoder-ogg-vorbis: bf7c407c2cedff20999df2af8eb42d56 -> 
  custom:audio-encoder-webm-vorbis: bf7c407c2cedff20999df2af8eb42d56 -> 
========================================================================
Received Prepare
Registering precompiled user dll's ...
Registered in 0.002472 seconds.
Begin MonoManager ReloadAssembly
Native extension for WindowsStandalone target not found
Native extension for WebGL target not found
Refreshing native plugins compatible for Editor in 0.54 ms, found 3 plugins.
Preloading 0 native plugins for Editor in 0.00 ms.
Mono: successfully reloaded assembly
- Completed reload, in  0.853 seconds
Platform modules already initialized, skipping
Refreshing native plugins compatible for Editor in 0.54 ms, found 3 plugins.
Preloading 0 native plugins for Editor in 0.00 ms.
Unloading 2080 Unused Serialized files (Serialized files now loaded: 0)
System memory in use before: 96.0 MB.
System memory in use after: 95.9 MB.

Unloading 21 unused Assets to reduce memory usage. Loaded Objects now: 2555.
Total: 2.100400 ms (FindLiveObjects: 0.213700 ms CreateObjectMapping: 0.047500 ms MarkObjects: 1.732500 ms  DeleteObjects: 0.105900 ms)

AssetImportParameters requested are different than current active one (requested -> active):
  custom:framework-win-MediaFoundation: 216162199b28c13a410421893ffa2e32 -> 
  custom:video-decoder-ogg-theora: a1e56fd34408186e4bbccfd4996cb3dc -> 
  custom:container-muxer-webm: aa71ff27fc2769a1b78a27578f13a17b -> 
  custom:container-demuxer-webm: 4f35f7cbe854078d1ac9338744f61a02 -> 
  custom:container-demuxer-ogg: 62fdf1f143b41e24485cea50d1cbac27 -> 
  custom:video-encoder-webm-vp8: eb34c28f22e8b96e1ab97ce403110664 -> 
  custom:video-decoder-webm-vp8: 9c59270c3fd7afecdb556c50c9e8de78 -> 
  custom:audio-decoder-ogg-vorbis: bf7c407c2cedff20999df2af8eb42d56 -> 
  custom:audio-encoder-webm-vorbis: bf7c407c2cedff20999df2af8eb42d56 -> 
========================================================================
Received Prepare
Registering precompiled user dll's ...
Registered in 0.002564 seconds.
Begin MonoManager ReloadAssembly
Native extension for WindowsStandalone target not found
Native extension for WebGL target not found
Refreshing native plugins compatible for Editor in 0.53 ms, found 3 plugins.
Preloading 0 native plugins for Editor in 0.00 ms.
Mono: successfully reloaded assembly
- Completed reload, in  0.914 seconds
Platform modules already initialized, skipping
Refreshing native plugins compatible for Editor in 0.49 ms, found 3 plugins.
Preloading 0 native plugins for Editor in 0.00 ms.
Unloading 2080 Unused Serialized files (Serialized files now loaded: 0)
System memory in use before: 96.0 MB.
System memory in use after: 95.9 MB.

Unloading 21 unused Assets to reduce memory usage. Loaded Objects now: 2559.
Total: 2.218400 ms (FindLiveObjects: 0.252000 ms CreateObjectMapping: 0.049700 ms MarkObjects: 1.772900 ms  DeleteObjects: 0.142500 ms)

AssetImportParameters requested are different than current active one (requested -> active):
  custom:framework-win-MediaFoundation: 216162199b28c13a410421893ffa2e32 -> 
  custom:video-decoder-ogg-theora: a1e56fd34408186e4bbccfd4996cb3dc -> 
  custom:container-muxer-webm: aa71ff27fc2769a1b78a27578f13a17b -> 
  custom:container-demuxer-webm: 4f35f7cbe854078d1ac9338744f61a02 -> 
  custom:container-demuxer-ogg: 62fdf1f143b41e24485cea50d1cbac27 -> 
  custom:video-encoder-webm-vp8: eb34c28f22e8b96e1ab97ce403110664 -> 
  custom:video-decoder-webm-vp8: 9c59270c3fd7afecdb556c50c9e8de78 -> 
  custom:audio-decoder-ogg-vorbis: bf7c407c2cedff20999df2af8eb42d56 -> 
  custom:audio-encoder-webm-vorbis: bf7c407c2cedff20999df2af8eb42d56 -> 
========================================================================
Received Import Request.
  Time since last request: 3040.121844 seconds.
  path: Assets/Sprites/texture_arkanoid.png
  artifactKey: Guid(ca2e8a4634191b443ba4070cb0baf07b) Importer(815301076,1909f56bfc062723c751e8b465ee728b)
Start importing Assets/Sprites/texture_arkanoid.png using Guid(ca2e8a4634191b443ba4070cb0baf07b) Importer(815301076,1909f56bfc062723c751e8b465ee728b)  -> (artifact id: 'd918e3f17b78f911f1bca1406325d1c6') in 0.050060 seconds 
  Import took 0.086168 seconds .

========================================================================
Received Import Request.
  Time since last request: 455.554282 seconds.
  path: Assets/Sprites/test_background.png
  artifactKey: Guid(0728df99dcb6fb14da82b788a59f45c7) Importer(815301076,1909f56bfc062723c751e8b465ee728b)
Start importing Assets/Sprites/test_background.png using Guid(0728df99dcb6fb14da82b788a59f45c7) Importer(815301076,1909f56bfc062723c751e8b465ee728b)  -> (artifact id: 'e1e2ff0a4d03b75dd58188c233f2129b') in 0.037583 seconds 
  Import took 0.041123 seconds .

========================================================================
Received Import Request.
  Time since last request: 14.642850 seconds.
  path: Assets/Sprites/test_background.png
  artifactKey: Guid(0728df99dcb6fb14da82b788a59f45c7) Importer(815301076,1909f56bfc062723c751e8b465ee728b)
Start importing Assets/Sprites/test_background.png using Guid(0728df99dcb6fb14da82b788a59f45c7) Importer(815301076,1909f56bfc062723c751e8b465ee728b)  -> (artifact id: '320c18bcb27fe01855855f11d85690b4') in 0.012590 seconds 
  Import took 0.021536 seconds .

========================================================================
Received Import Request.
  Time since last request: 0.002790 seconds.
  path: Assets/Sprites/test_background.png
  artifactKey: Guid(0728df99dcb6fb14da82b788a59f45c7) Importer(815301076,1909f56bfc062723c751e8b465ee728b)
Start importing Assets/Sprites/test_background.png using Guid(0728df99dcb6fb14da82b788a59f45c7) Importer(815301076,1909f56bfc062723c751e8b465ee728b)  -> (artifact id: '320c18bcb27fe01855855f11d85690b4') in 0.013181 seconds 
  Import took 0.016717 seconds .

========================================================================
Received Import Request.
  Time since last request: 28.054675 seconds.
  path: Assets/Sprites/texture_arkanoid.png
  artifactKey: Guid(ca2e8a4634191b443ba4070cb0baf07b) Importer(815301076,1909f56bfc062723c751e8b465ee728b)
Start importing Assets/Sprites/texture_arkanoid.png using Guid(ca2e8a4634191b443ba4070cb0baf07b) Importer(815301076,1909f56bfc062723c751e8b465ee728b)  -> (artifact id: '780a8bf7055d9b3a10ca85124cb5a002') in 0.010511 seconds 
  Import took 0.031755 seconds .

========================================================================
Received Import Request.
  Time since last request: 4.824479 seconds.
  path: Assets/Sprites/racket.png
  artifactKey: Guid(f710b7a4bb13a3148bfebf0077039ad2) Importer(815301076,1909f56bfc062723c751e8b465ee728b)
Start importing Assets/Sprites/racket.png using Guid(f710b7a4bb13a3148bfebf0077039ad2) Importer(815301076,1909f56bfc062723c751e8b465ee728b)  -> (artifact id: 'ca44ec0225442db3d9b665c74efe417d') in 0.008998 seconds 
  Import took 0.012533 seconds .

========================================================================
Received Import Request.
  Time since last request: 0.010341 seconds.
  path: Assets/Sprites/racket.png
  artifactKey: Guid(f710b7a4bb13a3148bfebf0077039ad2) Importer(815301076,1909f56bfc062723c751e8b465ee728b)
Start importing Assets/Sprites/racket.png using Guid(f710b7a4bb13a3148bfebf0077039ad2) Importer(815301076,1909f56bfc062723c751e8b465ee728b)  -> (artifact id: 'ca44ec0225442db3d9b665c74efe417d') in 0.004831 seconds 
  Import took 0.007871 seconds .

AssetImportWorkerClient::OnTransportError - code=2 error=End of file
